[M::mm_idx_gen::0.002*1.70] collected minimizers
[M::mm_idx_gen::0.003*1.93] sorted minimizers
[M::main::0.018*0.35] loaded/built the index for 15 target sequence(s)
[M::mm_idx_stat] kmer size: 15; skip: 10; is_hpc: 0; #seq: 15
[M::mm_idx_stat::0.018*0.36] distinct minimizers: 4506 (94.83% are singletons); average occurrences: 1.517; average spacing: 4.854; total length: 33176
[M::main] Version: 2.28-r1209
[M::main] CMD: /athena/masonlab/scratch/users/thn4005/programs/minimap2-2.28_x64-linux/minimap2 -d /athena/masonlab/scratch/users/thn4005/scripts/projects_v2/Di-Ao/brand_new_analysis/alignments_mm10_hg38_subset_comparisons/combined_EV_BMDM_vs_combined_PBS_BMDM/Tap1/PBS.softclips.mmi /athena/masonlab/scratch/users/thn4005/scripts/projects_v2/Di-Ao/brand_new_analysis/alignments_mm10_hg38_subset_comparisons/combined_EV_BMDM_vs_combined_PBS_BMDM/Tap1/PBS.softclips.fasta
[M::main] Real time: 0.018 sec; CPU: 0.007 sec; Peak RSS: 0.050 GB
[M::main::0.002*1.31] loaded/built the index for 15 target sequence(s)
[M::mm_mapopt_update::0.002*1.27] mid_occ = 544
[M::mm_idx_stat] kmer size: 15; skip: 10; is_hpc: 0; #seq: 15
[M::mm_idx_stat::0.002*1.25] distinct minimizers: 4506 (94.83% are singletons); average occurrences: 1.517; average spacing: 4.854; total length: 33176
[M::worker_pipeline::0.014*1.38] mapped 9 sequences
[M::main] Version: 2.28-r1209
[M::main] CMD: /athena/masonlab/scratch/users/thn4005/programs/minimap2-2.28_x64-linux/minimap2 -ax map-ont -t 8 /athena/masonlab/scratch/users/thn4005/scripts/projects_v2/Di-Ao/brand_new_analysis/alignments_mm10_hg38_subset_comparisons/combined_EV_BMDM_vs_combined_PBS_BMDM/Tap1/PBS.softclips.mmi /athena/masonlab/scratch/users/thn4005/scripts/projects_v2/Di-Ao/brand_new_analysis/alignments_mm10_hg38_subset_comparisons/combined_EV_BMDM_vs_combined_PBS_BMDM/Tap1/Virus.softclips.fasta
[M::main] Real time: 0.014 sec; CPU: 0.019 sec; Peak RSS: 0.050 GB

=== Extracting PBS soft-clips ===
[✓] Wrote 15 sequences to /athena/masonlab/scratch/users/thn4005/scripts/projects_v2/Di-Ao/brand_new_analysis/alignments_mm10_hg38_subset_comparisons/combined_EV_BMDM_vs_combined_PBS_BMDM/Tap1/PBS.softclips.fasta
[QC] 15 kept, 230 filtered (<50 bp)

=== Extracting Virus soft-clips ===
[✓] Wrote 9 sequences to /athena/masonlab/scratch/users/thn4005/scripts/projects_v2/Di-Ao/brand_new_analysis/alignments_mm10_hg38_subset_comparisons/combined_EV_BMDM_vs_combined_PBS_BMDM/Tap1/Virus.softclips.fasta
[QC] 9 kept, 252 filtered (<50 bp)

=== Building minimap2 index: /athena/masonlab/scratch/users/thn4005/scripts/projects_v2/Di-Ao/brand_new_analysis/alignments_mm10_hg38_subset_comparisons/combined_EV_BMDM_vs_combined_PBS_BMDM/Tap1/PBS.softclips.mmi ===
=== Aligning Virus soft-clips to PBS soft-clips ===
=== Counting unaligned Virus soft-clips ===

[✓] Virus soft-clips aligned to PBS: 3 / 9 mapped
[✓] Novel (unaligned) Virus soft-clips: 6 / 9 (66.67%)

Analysis complete.
[📄] Summary CSV written to: /athena/masonlab/scratch/users/thn4005/scripts/projects_v2/Di-Ao/brand_new_analysis/alignments_mm10_hg38_subset_comparisons/combined_EV_BMDM_vs_combined_PBS_BMDM/Tap1/softclip_summary.csv
