[M::mm_idx_gen::0.011*0.44] collected minimizers
[M::mm_idx_gen::0.017*0.46] sorted minimizers
[M::main::0.018*0.49] loaded/built the index for 26 target sequence(s)
[M::mm_idx_stat] kmer size: 15; skip: 10; is_hpc: 0; #seq: 26
[M::mm_idx_stat::0.018*0.50] distinct minimizers: 9384 (93.85% are singletons); average occurrences: 1.273; average spacing: 5.231; total length: 62505
[M::main] Version: 2.28-r1209
[M::main] CMD: /athena/masonlab/scratch/users/thn4005/programs/minimap2-2.28_x64-linux/minimap2 -d /athena/masonlab/scratch/users/thn4005/scripts/projects_v2/Di-Ao/brand_new_analysis/alignments_mm10_hg38_subset_comparisons/PAY42928_pass_combined_Virus_Treated_2_BMDM_vs_combined_PBS_BMDM/H2-Eb2/PBS.softclips.mmi /athena/masonlab/scratch/users/thn4005/scripts/projects_v2/Di-Ao/brand_new_analysis/alignments_mm10_hg38_subset_comparisons/PAY42928_pass_combined_Virus_Treated_2_BMDM_vs_combined_PBS_BMDM/H2-Eb2/PBS.softclips.fasta
[M::main] Real time: 0.019 sec; CPU: 0.010 sec; Peak RSS: 0.050 GB
[M::main::0.002*1.21] loaded/built the index for 26 target sequence(s)
[M::mm_mapopt_update::0.002*1.18] mid_occ = 82
[M::mm_idx_stat] kmer size: 15; skip: 10; is_hpc: 0; #seq: 26
[M::mm_idx_stat::0.003*1.16] distinct minimizers: 9384 (93.85% are singletons); average occurrences: 1.273; average spacing: 5.231; total length: 62505
[M::worker_pipeline::0.005*1.53] mapped 9 sequences
[M::main] Version: 2.28-r1209
[M::main] CMD: /athena/masonlab/scratch/users/thn4005/programs/minimap2-2.28_x64-linux/minimap2 -ax map-ont -t 8 /athena/masonlab/scratch/users/thn4005/scripts/projects_v2/Di-Ao/brand_new_analysis/alignments_mm10_hg38_subset_comparisons/PAY42928_pass_combined_Virus_Treated_2_BMDM_vs_combined_PBS_BMDM/H2-Eb2/PBS.softclips.mmi /athena/masonlab/scratch/users/thn4005/scripts/projects_v2/Di-Ao/brand_new_analysis/alignments_mm10_hg38_subset_comparisons/PAY42928_pass_combined_Virus_Treated_2_BMDM_vs_combined_PBS_BMDM/H2-Eb2/Virus.softclips.fasta
[M::main] Real time: 0.005 sec; CPU: 0.008 sec; Peak RSS: 0.050 GB

=== Extracting PBS soft-clips ===
[✓] Wrote 26 sequences to /athena/masonlab/scratch/users/thn4005/scripts/projects_v2/Di-Ao/brand_new_analysis/alignments_mm10_hg38_subset_comparisons/PAY42928_pass_combined_Virus_Treated_2_BMDM_vs_combined_PBS_BMDM/H2-Eb2/PBS.softclips.fasta
[QC] 26 kept, 256 filtered (<50 bp)

=== Extracting Virus soft-clips ===
[✓] Wrote 9 sequences to /athena/masonlab/scratch/users/thn4005/scripts/projects_v2/Di-Ao/brand_new_analysis/alignments_mm10_hg38_subset_comparisons/PAY42928_pass_combined_Virus_Treated_2_BMDM_vs_combined_PBS_BMDM/H2-Eb2/Virus.softclips.fasta
[QC] 9 kept, 223 filtered (<50 bp)

=== Building minimap2 index: /athena/masonlab/scratch/users/thn4005/scripts/projects_v2/Di-Ao/brand_new_analysis/alignments_mm10_hg38_subset_comparisons/PAY42928_pass_combined_Virus_Treated_2_BMDM_vs_combined_PBS_BMDM/H2-Eb2/PBS.softclips.mmi ===
=== Aligning Virus soft-clips to PBS soft-clips ===
=== Counting unaligned Virus soft-clips ===

[✓] Virus soft-clips aligned to PBS: 5 / 9 mapped
[✓] Novel (unaligned) Virus soft-clips: 4 / 9 (44.44%)

Analysis complete.
[📄] Summary CSV written to: /athena/masonlab/scratch/users/thn4005/scripts/projects_v2/Di-Ao/brand_new_analysis/alignments_mm10_hg38_subset_comparisons/PAY42928_pass_combined_Virus_Treated_2_BMDM_vs_combined_PBS_BMDM/H2-Eb2/softclip_summary.csv
