[M::mm_idx_gen::0.014*0.27] collected minimizers
[M::mm_idx_gen::0.033*0.18] sorted minimizers
[M::main::0.034*0.20] loaded/built the index for 15 target sequence(s)
[M::mm_idx_stat] kmer size: 15; skip: 10; is_hpc: 0; #seq: 15
[M::mm_idx_stat::0.034*0.21] distinct minimizers: 4506 (94.83% are singletons); average occurrences: 1.517; average spacing: 4.854; total length: 33176
[M::main] Version: 2.28-r1209
[M::main] CMD: /athena/masonlab/scratch/users/thn4005/programs/minimap2-2.28_x64-linux/minimap2 -d /athena/masonlab/scratch/users/thn4005/scripts/projects_v2/Di-Ao/brand_new_analysis/alignments_mm10_hg38_subset_comparisons/combined_Virus_Treated_1_BMDM_vs_combined_PBS_BMDM/Tap1/PBS.softclips.mmi /athena/masonlab/scratch/users/thn4005/scripts/projects_v2/Di-Ao/brand_new_analysis/alignments_mm10_hg38_subset_comparisons/combined_Virus_Treated_1_BMDM_vs_combined_PBS_BMDM/Tap1/PBS.softclips.fasta
[M::main] Real time: 0.034 sec; CPU: 0.007 sec; Peak RSS: 0.050 GB
[M::main::0.002*1.26] loaded/built the index for 15 target sequence(s)
[M::mm_mapopt_update::0.002*1.23] mid_occ = 544
[M::mm_idx_stat] kmer size: 15; skip: 10; is_hpc: 0; #seq: 15
[M::mm_idx_stat::0.002*1.22] distinct minimizers: 4506 (94.83% are singletons); average occurrences: 1.517; average spacing: 4.854; total length: 33176
[M::worker_pipeline::0.003*1.34] mapped 7 sequences
[M::main] Version: 2.28-r1209
[M::main] CMD: /athena/masonlab/scratch/users/thn4005/programs/minimap2-2.28_x64-linux/minimap2 -ax map-ont -t 8 /athena/masonlab/scratch/users/thn4005/scripts/projects_v2/Di-Ao/brand_new_analysis/alignments_mm10_hg38_subset_comparisons/combined_Virus_Treated_1_BMDM_vs_combined_PBS_BMDM/Tap1/PBS.softclips.mmi /athena/masonlab/scratch/users/thn4005/scripts/projects_v2/Di-Ao/brand_new_analysis/alignments_mm10_hg38_subset_comparisons/combined_Virus_Treated_1_BMDM_vs_combined_PBS_BMDM/Tap1/Virus.softclips.fasta
[M::main] Real time: 0.003 sec; CPU: 0.004 sec; Peak RSS: 0.050 GB

=== Extracting PBS soft-clips ===
[✓] Wrote 15 sequences to /athena/masonlab/scratch/users/thn4005/scripts/projects_v2/Di-Ao/brand_new_analysis/alignments_mm10_hg38_subset_comparisons/combined_Virus_Treated_1_BMDM_vs_combined_PBS_BMDM/Tap1/PBS.softclips.fasta
[QC] 15 kept, 230 filtered (<50 bp)

=== Extracting Virus soft-clips ===
[✓] Wrote 7 sequences to /athena/masonlab/scratch/users/thn4005/scripts/projects_v2/Di-Ao/brand_new_analysis/alignments_mm10_hg38_subset_comparisons/combined_Virus_Treated_1_BMDM_vs_combined_PBS_BMDM/Tap1/Virus.softclips.fasta
[QC] 7 kept, 229 filtered (<50 bp)

=== Building minimap2 index: /athena/masonlab/scratch/users/thn4005/scripts/projects_v2/Di-Ao/brand_new_analysis/alignments_mm10_hg38_subset_comparisons/combined_Virus_Treated_1_BMDM_vs_combined_PBS_BMDM/Tap1/PBS.softclips.mmi ===
=== Aligning Virus soft-clips to PBS soft-clips ===
=== Counting unaligned Virus soft-clips ===

[✓] Virus soft-clips aligned to PBS: 0 / 7 mapped
[✓] Novel (unaligned) Virus soft-clips: 7 / 7 (100.00%)

Analysis complete.
[📄] Summary CSV written to: /athena/masonlab/scratch/users/thn4005/scripts/projects_v2/Di-Ao/brand_new_analysis/alignments_mm10_hg38_subset_comparisons/combined_Virus_Treated_1_BMDM_vs_combined_PBS_BMDM/Tap1/softclip_summary.csv
